{"E:\\School\\cosc_4351\\creds.js": {"path":"E:\\School\\cosc_4351\\creds.js","statementMap":{"0":{"start":{"line":1,"column":17},"end":{"line":1,"column":30}},"1":{"start":{"line":3,"column":13},"end":{"line":9,"column":2}},"2":{"start":{"line":11,"column":0},"end":{"line":11,"column":22}}},"fnMap":{},"branchMap":{},"s":{"0":1,"1":1,"2":1},"f":{},"b":{},"_coverageSchema":"1a1c01bbd47fc00a2c39e90264f33305004495a9","hash":"2310a985e709b0cbe5f3d6008f9865a8f69529cb"}
,"E:\\School\\cosc_4351\\index.js": {"path":"E:\\School\\cosc_4351\\index.js","statementMap":{"0":{"start":{"line":1,"column":16},"end":{"line":1,"column":34}},"1":{"start":{"line":2,"column":12},"end":{"line":2,"column":21}},"2":{"start":{"line":3,"column":13},"end":{"line":3,"column":28}},"3":{"start":{"line":4,"column":13},"end":{"line":4,"column":31}},"4":{"start":{"line":8,"column":0},"end":{"line":8,"column":16}},"5":{"start":{"line":9,"column":0},"end":{"line":9,"column":24}},"6":{"start":{"line":12,"column":0},"end":{"line":21,"column":3}},"7":{"start":{"line":13,"column":4},"end":{"line":20,"column":5}},"8":{"start":{"line":14,"column":28},"end":{"line":14,"column":36}},"9":{"start":{"line":15,"column":18},"end":{"line":15,"column":131}},"10":{"start":{"line":16,"column":24},"end":{"line":16,"column":45}},"11":{"start":{"line":17,"column":8},"end":{"line":17,"column":31}},"12":{"start":{"line":19,"column":8},"end":{"line":19,"column":33}},"13":{"start":{"line":23,"column":0},"end":{"line":36,"column":3}},"14":{"start":{"line":24,"column":4},"end":{"line":35,"column":5}},"15":{"start":{"line":25,"column":29},"end":{"line":25,"column":37}},"16":{"start":{"line":26,"column":18},"end":{"line":26,"column":82}},"17":{"start":{"line":27,"column":20},"end":{"line":27,"column":41}},"18":{"start":{"line":28,"column":16},"end":{"line":28,"column":21}},"19":{"start":{"line":29,"column":8},"end":{"line":31,"column":9}},"20":{"start":{"line":30,"column":12},"end":{"line":30,"column":21}},"21":{"start":{"line":32,"column":8},"end":{"line":32,"column":20}},"22":{"start":{"line":34,"column":8},"end":{"line":34,"column":33}},"23":{"start":{"line":38,"column":0},"end":{"line":51,"column":2}},"24":{"start":{"line":39,"column":4},"end":{"line":50,"column":5}},"25":{"start":{"line":40,"column":39},"end":{"line":40,"column":47}},"26":{"start":{"line":41,"column":18},"end":{"line":41,"column":118}},"27":{"start":{"line":42,"column":20},"end":{"line":42,"column":41}},"28":{"start":{"line":43,"column":16},"end":{"line":43,"column":20}},"29":{"start":{"line":44,"column":8},"end":{"line":46,"column":9}},"30":{"start":{"line":45,"column":12},"end":{"line":45,"column":22}},"31":{"start":{"line":47,"column":8},"end":{"line":47,"column":20}},"32":{"start":{"line":49,"column":8},"end":{"line":49,"column":33}},"33":{"start":{"line":52,"column":0},"end":{"line":62,"column":3}},"34":{"start":{"line":53,"column":4},"end":{"line":61,"column":5}},"35":{"start":{"line":54,"column":27},"end":{"line":54,"column":35}},"36":{"start":{"line":55,"column":18},"end":{"line":56,"column":152}},"37":{"start":{"line":57,"column":24},"end":{"line":57,"column":45}},"38":{"start":{"line":58,"column":8},"end":{"line":58,"column":34}},"39":{"start":{"line":60,"column":8},"end":{"line":60,"column":33}},"40":{"start":{"line":63,"column":0},"end":{"line":76,"column":2}},"41":{"start":{"line":64,"column":4},"end":{"line":75,"column":5}},"42":{"start":{"line":66,"column":45},"end":{"line":66,"column":53}},"43":{"start":{"line":67,"column":18},"end":{"line":67,"column":115}},"44":{"start":{"line":68,"column":18},"end":{"line":68,"column":39}},"45":{"start":{"line":69,"column":8},"end":{"line":71,"column":39}},"46":{"start":{"line":72,"column":8},"end":{"line":72,"column":36}},"47":{"start":{"line":74,"column":8},"end":{"line":74,"column":33}},"48":{"start":{"line":77,"column":0},"end":{"line":90,"column":2}},"49":{"start":{"line":78,"column":4},"end":{"line":89,"column":5}},"50":{"start":{"line":79,"column":28},"end":{"line":79,"column":36}},"51":{"start":{"line":80,"column":18},"end":{"line":80,"column":78}},"52":{"start":{"line":81,"column":20},"end":{"line":81,"column":41}},"53":{"start":{"line":82,"column":16},"end":{"line":82,"column":20}},"54":{"start":{"line":83,"column":8},"end":{"line":85,"column":9}},"55":{"start":{"line":84,"column":12},"end":{"line":84,"column":22}},"56":{"start":{"line":86,"column":8},"end":{"line":86,"column":20}},"57":{"start":{"line":88,"column":8},"end":{"line":88,"column":33}},"58":{"start":{"line":91,"column":0},"end":{"line":99,"column":2}},"59":{"start":{"line":92,"column":4},"end":{"line":98,"column":5}},"60":{"start":{"line":93,"column":37},"end":{"line":93,"column":45}},"61":{"start":{"line":94,"column":18},"end":{"line":94,"column":106}},"62":{"start":{"line":95,"column":18},"end":{"line":95,"column":39}},"63":{"start":{"line":97,"column":8},"end":{"line":97,"column":33}},"64":{"start":{"line":139,"column":0},"end":{"line":141,"column":3}},"65":{"start":{"line":140,"column":4},"end":{"line":140,"column":77}},"66":{"start":{"line":143,"column":13},"end":{"line":143,"column":37}},"67":{"start":{"line":144,"column":0},"end":{"line":146,"column":3}},"68":{"start":{"line":145,"column":4},"end":{"line":145,"column":54}}},"fnMap":{"0":{"name":"(anonymous_0)","decl":{"start":{"line":12,"column":24},"end":{"line":12,"column":25}},"loc":{"start":{"line":12,"column":44},"end":{"line":21,"column":1}},"line":12},"1":{"name":"(anonymous_1)","decl":{"start":{"line":23,"column":24},"end":{"line":23,"column":25}},"loc":{"start":{"line":23,"column":44},"end":{"line":36,"column":1}},"line":23},"2":{"name":"(anonymous_2)","decl":{"start":{"line":38,"column":25},"end":{"line":38,"column":26}},"loc":{"start":{"line":38,"column":45},"end":{"line":51,"column":1}},"line":38},"3":{"name":"(anonymous_3)","decl":{"start":{"line":52,"column":27},"end":{"line":52,"column":28}},"loc":{"start":{"line":52,"column":47},"end":{"line":62,"column":1}},"line":52},"4":{"name":"(anonymous_4)","decl":{"start":{"line":63,"column":29},"end":{"line":63,"column":30}},"loc":{"start":{"line":63,"column":49},"end":{"line":76,"column":1}},"line":63},"5":{"name":"(anonymous_5)","decl":{"start":{"line":77,"column":25},"end":{"line":77,"column":26}},"loc":{"start":{"line":77,"column":45},"end":{"line":90,"column":1}},"line":77},"6":{"name":"(anonymous_6)","decl":{"start":{"line":91,"column":27},"end":{"line":91,"column":28}},"loc":{"start":{"line":91,"column":47},"end":{"line":99,"column":1}},"line":91},"7":{"name":"(anonymous_7)","decl":{"start":{"line":139,"column":13},"end":{"line":139,"column":14}},"loc":{"start":{"line":139,"column":33},"end":{"line":141,"column":1}},"line":139},"8":{"name":"(anonymous_8)","decl":{"start":{"line":144,"column":17},"end":{"line":144,"column":18}},"loc":{"start":{"line":144,"column":23},"end":{"line":146,"column":1}},"line":144}},"branchMap":{"0":{"loc":{"start":{"line":29,"column":8},"end":{"line":31,"column":9}},"type":"if","locations":[{"start":{"line":29,"column":8},"end":{"line":31,"column":9}},{"start":{},"end":{}}],"line":29},"1":{"loc":{"start":{"line":44,"column":8},"end":{"line":46,"column":9}},"type":"if","locations":[{"start":{"line":44,"column":8},"end":{"line":46,"column":9}},{"start":{},"end":{}}],"line":44},"2":{"loc":{"start":{"line":83,"column":8},"end":{"line":85,"column":9}},"type":"if","locations":[{"start":{"line":83,"column":8},"end":{"line":85,"column":9}},{"start":{},"end":{}}],"line":83},"3":{"loc":{"start":{"line":143,"column":13},"end":{"line":143,"column":37}},"type":"binary-expr","locations":[{"start":{"line":143,"column":13},"end":{"line":143,"column":29}},{"start":{"line":143,"column":33},"end":{"line":143,"column":37}}],"line":143}},"s":{"0":1,"1":1,"2":1,"3":1,"4":1,"5":1,"6":1,"7":0,"8":0,"9":0,"10":0,"11":0,"12":0,"13":1,"14":2,"15":2,"16":2,"17":2,"18":2,"19":2,"20":1,"21":2,"22":0,"23":1,"24":2,"25":2,"26":2,"27":2,"28":2,"29":2,"30":1,"31":2,"32":0,"33":1,"34":0,"35":0,"36":0,"37":0,"38":0,"39":0,"40":1,"41":0,"42":0,"43":0,"44":0,"45":0,"46":0,"47":0,"48":1,"49":1,"50":1,"51":1,"52":1,"53":1,"54":1,"55":0,"56":1,"57":0,"58":1,"59":0,"60":0,"61":0,"62":0,"63":0,"64":1,"65":0,"66":1,"67":1,"68":1},"f":{"0":0,"1":2,"2":2,"3":0,"4":0,"5":1,"6":0,"7":0,"8":1},"b":{"0":[1,1],"1":[1,1],"2":[0,1],"3":[1,1]},"_coverageSchema":"1a1c01bbd47fc00a2c39e90264f33305004495a9","hash":"e543ed868781ff863261c166397508b53b74c985"}
}
